<?xml version="1.0" encoding="utf-8"?><testsuites name="pytest tests"><testsuite name="pytest" errors="0" failures="0" skipped="0" tests="8" time="1.357" timestamp="2026-07-09T13:25:15.842880+00:00" hostname="agent-env-cfe04815-23b4-4e11-9d71-efde50fd2c4f"><testcase classname="tests.backend_test" name="test_health" time="0.335" /><testcase classname="tests.backend_test" name="test_dashboard_stats" time="0.052" /><testcase classname="tests.backend_test" name="test_documents" time="0.052" /><testcase classname="tests.backend_test" name="test_verifications" time="0.050" /><testcase classname="tests.backend_test" name="test_demo_post_valid_and_persist" time="0.126" /><testcase classname="tests.backend_test" name="test_demo_missing_email_422" time="0.049" /><testcase classname="tests.backend_test" name="test_demo_invalid_email_422" time="0.049" /><testcase classname="tests.backend_test" name="test_demo_list_sorted" time="0.051" /></testsuite></testsuites>